<?xml version="1.0" encoding="UTF-8"?>
<testng-results ignored="0" total="2" passed="2" failed="0" skipped="0">
  <reporter-output>
  </reporter-output>
  <suite started-at="2023-03-17T11:04:37Z" name="Suite" finished-at="2023-03-17T11:04:45Z" duration-ms="7282">
    <groups>
    </groups>
    <test started-at="2023-03-17T11:04:37Z" name="Test" finished-at="2023-03-17T11:04:45Z" duration-ms="7282">
      <class name="api.tests.UserTests">
        <test-method is-config="true" signature="setupData()[pri:0, instance:api.tests.UserTests@5a411614]" started-at="2023-03-17T11:04:38Z" name="setupData" finished-at="2023-03-17T11:04:39Z" duration-ms="958" status="PASS">
          <reporter-output>
          </reporter-output>
        </test-method> <!-- setupData -->
        <test-method signature="testPostUser()[pri:1, instance:api.tests.UserTests@5a411614]" started-at="2023-03-17T11:04:39Z" name="testPostUser" finished-at="2023-03-17T11:04:43Z" duration-ms="4049" status="PASS">
          <reporter-output>
          </reporter-output>
        </test-method> <!-- testPostUser -->
        <test-method signature="testGetUser()[pri:2, instance:api.tests.UserTests@5a411614]" started-at="2023-03-17T11:04:43Z" name="testGetUser" finished-at="2023-03-17T11:04:45Z" duration-ms="1726" status="PASS">
          <reporter-output>
          </reporter-output>
        </test-method> <!-- testGetUser -->
      </class> <!-- api.tests.UserTests -->
    </test> <!-- Test -->
  </suite> <!-- Suite -->
</testng-results>
