<?xml version="1.0" encoding="UTF-8"?>
<testng-results ignored="0" total="2" passed="2" failed="0" skipped="0">
  <reporter-output>
  </reporter-output>
  <suite started-at="2023-03-17T12:40:17 IST" name="Default suite" finished-at="2023-03-17T12:40:23 IST" duration-ms="6238">
    <groups>
    </groups>
    <test started-at="2023-03-17T12:40:17 IST" name="Default test" finished-at="2023-03-17T12:40:23 IST" duration-ms="6238">
      <class name="api.tests.UserTests">
        <test-method is-config="true" signature="setupData()[pri:0, instance:api.tests.UserTests@4397ad89]" started-at="2023-03-17T12:40:17 IST" name="setupData" finished-at="2023-03-17T12:40:18 IST" duration-ms="815" status="PASS">
          <reporter-output>
          </reporter-output>
        </test-method> <!-- setupData -->
        <test-method signature="testPostUser()[pri:1, instance:api.tests.UserTests@4397ad89]" started-at="2023-03-17T12:40:18 IST" name="testPostUser" finished-at="2023-03-17T12:40:22 IST" duration-ms="3715" status="PASS">
          <reporter-output>
          </reporter-output>
        </test-method> <!-- testPostUser -->
        <test-method signature="testGetUser()[pri:2, instance:api.tests.UserTests@4397ad89]" started-at="2023-03-17T12:40:22 IST" name="testGetUser" finished-at="2023-03-17T12:40:23 IST" duration-ms="1589" status="PASS">
          <reporter-output>
          </reporter-output>
        </test-method> <!-- testGetUser -->
      </class> <!-- api.tests.UserTests -->
    </test> <!-- Default test -->
  </suite> <!-- Default suite -->
</testng-results>
